/software/python-anaconda-2022.05-el8-x86_64/lib/python3.9/site-packages/scipy/__init__.py:146: UserWarning: A NumPy version >=1.16.5 and <1.23.0 is required for this version of SciPy (detected version 1.25.0
  warnings.warn(f"A NumPy version >={np_minversion} and <{np_maxversion}"
	Command being timed: "python lassi_1_21.py"
	User time (seconds): 1146540.07
	System time (seconds): 1243822.63
	Percent of CPU this job got: 473%
	Elapsed (wall clock) time (h:mm:ss or m:ss): 140:07:06
	Average shared text size (kbytes): 0
	Average unshared data size (kbytes): 0
	Average stack size (kbytes): 0
	Average total size (kbytes): 0
	Maximum resident set size (kbytes): 45799392
	Average resident set size (kbytes): 0
	Major (requiring I/O) page faults: 0
	Minor (reclaiming a frame) page faults: 68045943
	Voluntary context switches: 13762367
	Involuntary context switches: 6622802561
	Swaps: 0
	File system inputs: 0
	File system outputs: 166368
	Socket messages sent: 0
	Socket messages received: 0
	Signals delivered: 0
	Page size (bytes): 4096
	Exit status: 0
