/software/python-anaconda-2022.05-el8-x86_64/lib/python3.9/site-packages/scipy/__init__.py:146: UserWarning: A NumPy version >=1.16.5 and <1.23.0 is required for this version of SciPy (detected version 1.25.0
  warnings.warn(f"A NumPy version >={np_minversion} and <{np_maxversion}"
WARN: Not all rootspaces examined because their weights are too small. Metrics for omitted rootspaces are set to -1. Set print_all_but=-1 to ensure all rootspaces are examined.
	Command being timed: "python lassi.py"
	User time (seconds): 88325.91
	System time (seconds): 53040.08
	Percent of CPU this job got: 1414%
	Elapsed (wall clock) time (h:mm:ss or m:ss): 2:46:32
	Average shared text size (kbytes): 0
	Average unshared data size (kbytes): 0
	Average stack size (kbytes): 0
	Average total size (kbytes): 0
	Maximum resident set size (kbytes): 25501064
	Average resident set size (kbytes): 0
	Major (requiring I/O) page faults: 0
	Minor (reclaiming a frame) page faults: 3537558
	Voluntary context switches: 5056488
	Involuntary context switches: 2057892389
	Swaps: 0
	File system inputs: 0
	File system outputs: 26496
	Socket messages sent: 0
	Socket messages received: 0
	Signals delivered: 0
	Page size (bytes): 4096
	Exit status: 0
