#INFO: **** input file is /project/lgagliardi/valayagarawal/lasscf/mof_nodes/Al_Fe_Fe/production/9_9/lassi_r1_r8.py ****
import numpy as np
import sys
from pyscf import gto, scf, tools,lib, mcscf
from pyscf.mcscf import avas,project_init_guess
from pyscf import mcscf
from mrh.my_pyscf.tools import molden
from mrh.my_pyscf.mcscf import lasscf_async as asyn
mol_name='Al_Fe_Fe.xyz' # Al-Fe-Fe MOF node
basis={'C': 'cc-pvdz','H': 'cc-pvdz','O': 'cc-pvtz','Al': 'cc-pvtz','Fe': 'cc-pvtz'}
r=1;n=8
output='r'+str(r)+'_n'+str(n)+'.log'
mol=gto.M(atom=mol_name,verbose=4,spin=9,charge=0,basis=basis, output=output) #spin = 2S
mf=scf.RHF(mol)
mf=mf.density_fit()
mf.max_cycle=1
mf.kernel()
mf.mo_coeff=np.load('hf.npy')

mo_guess=np.load('final_las_9_9.npy')
las=asyn.LASSCF(mf,(4,5),((0,4),(5,0)),spin_sub=(5,6),verbose=4) # spin is 2S+1
las.set_fragments_(([17],[19]),mo_guess)
las.mo_coeff=mo_guess
from mrh.my_pyscf.lassi import states
las=states.spin_shuffle(las)
for _ in range(r):
    las=states.all_single_excitations(las)
ncsf=las.get_ugg().ncsf_sub
lroots=np.minimum(n,ncsf)
las.lasci()
las.lasci(lroots=lroots)
e_roots, si= las.lassi(opt=1)
import numpy as np
import sys
from pyscf import gto, scf, tools,lib, mcscf
from pyscf.mcscf import avas,project_init_guess
from pyscf import mcscf
from mrh.my_pyscf.tools import molden
from mrh.my_pyscf.mcscf import lasscf_async as asyn
mol_name='Al_Fe_Fe.xyz' # Al-Fe-Fe MOF node
basis={'C': 'cc-pvdz','H': 'cc-pvdz','O': 'cc-pvtz','Al': 'cc-pvtz','Fe': 'cc-pvtz'}
r=1;n=8
output='r'+str(r)+'_n'+str(n)+'.log'
mol=gto.M(atom=mol_name,verbose=4,spin=9,charge=0,basis=basis, output=output) #spin = 2S
mf=scf.RHF(mol)
mf=mf.density_fit()
mf.max_cycle=1
mf.kernel()
mf.mo_coeff=np.load('hf.npy')

mo_guess=np.load('final_las_9_9.npy')
las=asyn.LASSCF(mf,(4,5),((0,4),(5,0)),spin_sub=(5,6),verbose=4) # spin is 2S+1
las.set_fragments_(([17],[19]),mo_guess)
las.mo_coeff=mo_guess
from mrh.my_pyscf.lassi import states
las=states.spin_shuffle(las)
for _ in range(r):
    las=states.all_single_excitations(las)
ncsf=las.get_ugg().ncsf_sub
lroots=np.minimum(n,ncsf)
las.lasci()
las.lasci(lroots=lroots)
e_roots, si= las.lassi(opt=1)
#INFO: ******************** input file end ********************


System: uname_result(system='Linux', node='midway3-0556.rcc.local', release='4.18.0-305.3.1.el8.x86_64', version='#1 SMP Tue Jun 1 16:14:33 UTC 2021', machine='x86_64')  Threads 16
Python 3.9.12 (main, Apr  5 2022, 06:56:58) 
[GCC 7.5.0]
numpy 1.25.0  scipy 1.7.3
Date: Tue Feb 20 17:30:01 2024
PySCF version 2.5.0
PySCF path  /project/lgagliardi/shared/Apps/pyscf
GIT ORIG_HEAD 0bc590ffddec98eec5d2513a3d85274b7a791bc6
GIT HEAD (branch master) 6f8ce439fbe0c26ec4d226e2225b28c7f668f922

[ENV] PYSCF_MAX_MEMORY 128000
[CONFIG] conf_file /home/valayagarawal/.pyscf_conf.py
[INPUT] verbose = 4
[INPUT] num. atoms = 28
[INPUT] num. electrons = 211
[INPUT] charge = 0
[INPUT] spin (= nelec alpha-beta = 2S) = 9
[INPUT] symmetry False subgroup None
[INPUT] Mole.unit = angstrom
[INPUT] Symbol           X                Y                Z      unit          X                Y                Z       unit  Magmom
[INPUT]  1 O     -2.220198244100   0.399190300300   1.694471698900 AA   -4.195566623589   0.754360339150   3.202087436747 Bohr   0.0
[INPUT]  2 O     -1.685553244600  -1.782306321700   1.431399507200 AA   -3.185234000666  -3.368070818094   2.704953043445 Bohr   0.0
[INPUT]  3 C     -2.268517865100  -0.831955037900   1.983951274000 AA   -4.286877473722  -1.572167169583   3.749124552342 Bohr   0.0
[INPUT]  4 H     -2.913342016700  -1.076728588500   2.843786805300 AA   -5.505418518751  -2.034722142755   5.373978218669 Bohr   0.0
[INPUT]  5 O      1.388288080900   2.079556156200  -1.347085675300 AA    2.623484254899   3.929791595871  -2.545622992642 Bohr   0.0
[INPUT]  6 O     -0.759908859500   2.580923634700  -0.849227704000 AA   -1.436019624086   4.877238818000  -1.604807777953 Bohr   0.0
[INPUT]  7 C      0.346567468600   2.753895325000  -1.438835699000 AA    0.654917599338   5.204107939970  -2.719005409357 Bohr   0.0
[INPUT]  8 H      0.372379614500   3.617699659800  -2.123091150300 AA    0.703695485776   6.836461557954  -4.012060811555 Bohr   0.0
[INPUT]  9 O      1.046960908100  -2.642534200000   0.961324672200 AA    1.978469379435  -4.993665912797   1.816640347245 Bohr   0.0
[INPUT] 10 O     -0.399190300300   2.220198244100   1.694471698900 AA   -0.754360339150   4.195566623589   3.202087436747 Bohr   0.0
[INPUT] 11 O      1.782306321700   1.685553244600   1.431399507200 AA    3.368070818094   3.185234000666   2.704953043445 Bohr   0.0
[INPUT] 12 C      0.831955037900   2.268517865100   1.983951274000 AA    1.572167169583   4.286877473722   3.749124552342 Bohr   0.0
[INPUT] 13 H      1.076728588500   2.913342016700   2.843786805300 AA    2.034722142755   5.505418518751   5.373978218669 Bohr   0.0
[INPUT] 14 O     -2.079556156200  -1.388288080900  -1.347085675300 AA   -3.929791595871  -2.623484254899  -2.545622992642 Bohr   0.0
[INPUT] 15 O     -2.580923634700   0.759908859500  -0.849227704000 AA   -4.877238818000   1.436019624086  -1.604807777953 Bohr   0.0
[INPUT] 16 C     -2.753895325000  -0.346567468600  -1.438835699000 AA   -5.204107939970  -0.654917599338  -2.719005409357 Bohr   0.0
[INPUT] 17 H     -3.617699659800  -0.372379614500  -2.123091150300 AA   -6.836461557954  -0.703695485776  -4.012060811555 Bohr   0.0
[INPUT] 18 Fe    -0.379874189300  -1.792603362900  -0.200337730300 AA   -0.717858179568  -3.387529405855  -0.378583442684 Bohr   0.0
[INPUT] 19 O      0.642223180300  -2.237796553000  -1.892914517600 AA    1.213625921614  -4.228822607666  -3.577090015477 Bohr   0.0
[INPUT] 20 Fe     1.792603362900   0.379874189300  -0.200337730300 AA    3.387529405855   0.717858179568  -0.378583442684 Bohr   0.0
[INPUT] 21 O      2.237796553000  -0.642223180300  -1.892914517600 AA    4.228822607666  -1.213625921614  -3.577090015477 Bohr   0.0
[INPUT] 22 O      2.642534200000  -1.046960908100   0.961324672200 AA    4.993665912797  -1.978469379435   1.816640347245 Bohr   0.0
[INPUT] 23 Al    -1.236271642100   1.236271642100   0.350650148000 AA   -2.336214819135   2.336214819135   0.662632745258 Bohr   0.0
[INPUT] 24 O     -0.044950195400   0.044950195400   0.012762141300 AA   -0.084943558552   0.084943558552   0.024116951820 Bohr   0.0
[INPUT] 25 C      1.645528685000  -1.645528685000  -2.357112465400 AA    3.109598544766  -3.109598544766  -4.454297004404 Bohr   0.0
[INPUT] 26 H      2.056906298400  -2.056906298400  -3.294571291600 AA    3.886989567869  -3.886989567869  -6.225837438979 Bohr   0.0
[INPUT] 27 C      2.160924281100  -2.160924281100   1.277584186800 AA    4.083555067202  -4.083555067202   2.414284214127 Bohr   0.0
[INPUT] 28 H      2.796080543300  -2.796080543300   1.918244302400 AA    5.283826449062  -5.283826449062   3.624956371543 Bohr   0.0

nuclear repulsion = 3455.30471244119
number of shells = 192
number of NR pGTOs = 1065
number of NR cGTOs = 674
basis = {'C': 'cc-pvdz', 'H': 'cc-pvdz', 'O': 'cc-pvtz', 'Al': 'cc-pvtz', 'Fe': 'cc-pvtz'}
ecp = {}
CPU time:      2732.02


******** <class 'pyscf.df.df_jk.DFROHF'> ********
method = DFROHF
initial guess = minao
damping factor = 0
level_shift factor = 0
DIIS = <class 'pyscf.scf.diis.CDIIS'>
diis_start_cycle = 1
diis_space = 8
diis_damp = 0
SCF conv_tol = 1e-09
SCF conv_tol_grad = None
SCF max_cycles = 1
direct_scf = False
chkfile to save SCF result = /scratch/local/jobs/17475354/tmp7vh_fxq5
max_memory 128000 MB (current use 7873 MB)
num. doubly occ = 101  num. singly occ = 9
Set gradient conv threshold to 3.16228e-05
******** <class 'pyscf.df.df.DF'> ********
auxbasis = None
max_memory = 128000
Even tempered Gaussians are generated as DF auxbasis for  O Fe H C Al
init E= -3971.90238344316
  HOMO = 0.121056952198061  LUMO = 0.123678658553588
cycle= 1 E= -3943.04990514113  delta_E= 28.9  |g|= 9.05  |ddm|=   34
SCF not converged.
SCF energy = -3943.04990514113
Built 4 spin(local Sz)-shuffled LAS states from 1 reference LAS states
Built 8 singly-excited LAS states from 5 reference LAS states
Entering product-state fixed-point CI iteration
Cycle 0: max grad = 0.000000e+00 ; sigma = 0.000000e+00
Cycle 1: max grad = 0.000000e+00 ; sigma = 1.065814e-14
Product_state fixed-point CI iteration converged after 1 cycles
Entering product-state fixed-point CI iteration
Cycle 0: max grad = 7.944220e-16 ; sigma = 0.000000e+00
Cycle 1: max grad = 7.944220e-16 ; sigma = 3.552714e-15
Product_state fixed-point CI iteration converged after 1 cycles
Entering product-state fixed-point CI iteration
Cycle 0: max grad = 2.808667e-15 ; sigma = 0.000000e+00
Cycle 1: max grad = 2.808667e-15 ; sigma = 1.065814e-14
Product_state fixed-point CI iteration converged after 1 cycles
Entering product-state fixed-point CI iteration
Cycle 0: max grad = 1.685148e-15 ; sigma = 0.000000e+00
Cycle 1: max grad = 1.685148e-15 ; sigma = 0.000000e+00
Product_state fixed-point CI iteration converged after 1 cycles
Entering product-state fixed-point CI iteration
Cycle 0: max grad = 3.972517e-16 ; sigma = 0.000000e+00
Cycle 1: max grad = 3.972517e-16 ; sigma = 3.552714e-15
Product_state fixed-point CI iteration converged after 1 cycles
Entering product-state fixed-point CI iteration
Cycle 0: max grad = 2.083333e-02 ; sigma = 0.000000e+00
Cycle 1: max grad = 1.804106e-04 ; sigma = 1.509717e-02
Cycle 2: max grad = 8.024693e-06 ; sigma = 4.205646e-06
Cycle 3: max grad = 8.492337e-08 ; sigma = 1.538837e-09
Cycle 4: max grad = 4.420344e-09 ; sigma = 8.704149e-13
Product_state fixed-point CI iteration converged after 4 cycles
Entering product-state fixed-point CI iteration
Cycle 0: max grad = 1.101817e-02 ; sigma = 0.000000e+00
Cycle 1: max grad = 8.493400e-04 ; sigma = 2.546172e-03
Cycle 2: max grad = 3.099861e-05 ; sigma = 1.087144e-05
Cycle 3: max grad = 9.669547e-07 ; sigma = 4.495458e-08
Cycle 4: max grad = 4.886407e-08 ; sigma = 7.802825e-11
Product_state fixed-point CI iteration converged after 4 cycles
Entering product-state fixed-point CI iteration
Cycle 0: max grad = 2.086537e-02 ; sigma = 0.000000e+00
Cycle 1: max grad = 1.555107e-04 ; sigma = 1.519079e-02
Cycle 2: max grad = 6.937950e-06 ; sigma = 1.773110e-05
Cycle 3: max grad = 3.177356e-08 ; sigma = 1.432248e-09
Cycle 4: max grad = 8.607067e-10 ; sigma = 1.456613e-13
Product_state fixed-point CI iteration converged after 4 cycles
Entering product-state fixed-point CI iteration
Cycle 0: max grad = 1.135317e-02 ; sigma = 0.000000e+00
Cycle 1: max grad = 3.890004e-04 ; sigma = 5.047265e-03
Cycle 2: max grad = 6.347742e-06 ; sigma = 8.016448e-06
Cycle 3: max grad = 8.559102e-08 ; sigma = 2.116831e-09
Cycle 4: max grad = 2.299194e-09 ; sigma = 8.455459e-13
Product_state fixed-point CI iteration converged after 4 cycles
Entering product-state fixed-point CI iteration
Cycle 0: max grad = 2.087178e-02 ; sigma = 0.000000e+00
Cycle 1: max grad = 1.547389e-04 ; sigma = 1.513937e-02
Cycle 2: max grad = 1.148463e-05 ; sigma = 2.510986e-05
Cycle 3: max grad = 9.451226e-09 ; sigma = 2.550372e-09
Cycle 4: max grad = 7.030753e-10 ; sigma = 1.882938e-13
Product_state fixed-point CI iteration converged after 4 cycles
Entering product-state fixed-point CI iteration
Cycle 0: max grad = 1.142016e-02 ; sigma = 0.000000e+00
Cycle 1: max grad = 3.084975e-04 ; sigma = 5.526709e-03
Cycle 2: max grad = 5.254459e-06 ; sigma = 8.780770e-06
Cycle 3: max grad = 4.588659e-08 ; sigma = 1.407727e-10
Cycle 4: max grad = 9.354625e-10 ; sigma = 1.101341e-13
Product_state fixed-point CI iteration converged after 4 cycles
Entering product-state fixed-point CI iteration
Cycle 0: max grad = 2.085255e-02 ; sigma = 0.000000e+00
Cycle 1: max grad = 1.594745e-04 ; sigma = 1.518964e-02
Cycle 2: max grad = 8.524625e-06 ; sigma = 8.465540e-06
Cycle 3: max grad = 6.245173e-08 ; sigma = 1.669303e-09
Cycle 4: max grad = 2.392865e-09 ; sigma = 4.831691e-13
Product_state fixed-point CI iteration converged after 4 cycles
Entering product-state fixed-point CI iteration
Cycle 0: max grad = 1.121917e-02 ; sigma = 0.000000e+00
Cycle 1: max grad = 5.578526e-04 ; sigma = 4.057117e-03
Cycle 2: max grad = 1.333660e-05 ; sigma = 3.644741e-06
Cycle 3: max grad = 2.961619e-07 ; sigma = 8.619139e-09
Cycle 4: max grad = 1.026352e-08 ; sigma = 7.450041e-12
Product_state fixed-point CI iteration converged after 4 cycles
LASSCF state-average energy = -3971.78172517509
LASSCF state 0 energy = -3971.78172517509
LASSCF state 1 energy = -3971.78544533293
LASSCF state 2 energy = -3971.78703968629
LASSCF state 3 energy = -3971.78650823517
LASSCF state 4 energy = -3971.78385097957
LASSCF state 5 energy = -3970.70227092434
LASSCF state 6 energy = -3971.21911746553
LASSCF state 7 energy = -3970.70410445624
LASSCF state 8 energy = -3971.2205938829
LASSCF state 9 energy = -3970.70451439246
LASSCF state 10 energy = -3971.22090990995
LASSCF state 11 energy = -3970.70334804604
LASSCF state 12 energy = -3971.21999102365
Entering product-state fixed-point CI iteration
Cycle 0: max grad = 0.000000e+00 ; sigma = 0.000000e+00
Cycle 1: max grad = 0.000000e+00 ; sigma = 7.105427e-15
Product_state fixed-point CI iteration converged after 1 cycles
Entering product-state fixed-point CI iteration
Cycle 0: max grad = 7.944220e-16 ; sigma = 0.000000e+00
Cycle 1: max grad = 7.944220e-16 ; sigma = 3.552714e-15
Product_state fixed-point CI iteration converged after 1 cycles
Entering product-state fixed-point CI iteration
Cycle 0: max grad = 2.808667e-15 ; sigma = 0.000000e+00
Cycle 1: max grad = 2.808667e-15 ; sigma = 1.065814e-14
Product_state fixed-point CI iteration converged after 1 cycles
Entering product-state fixed-point CI iteration
Cycle 0: max grad = 1.685148e-15 ; sigma = 0.000000e+00
Cycle 1: max grad = 1.685148e-15 ; sigma = 0.000000e+00
Product_state fixed-point CI iteration converged after 1 cycles
Entering product-state fixed-point CI iteration
Cycle 0: max grad = 3.972517e-16 ; sigma = 0.000000e+00
Cycle 1: max grad = 3.972517e-16 ; sigma = 7.105427e-15
Product_state fixed-point CI iteration converged after 1 cycles
Entering product-state fixed-point CI iteration
Cycle 0: max grad = 2.304412e+02 ; sigma = 0.000000e+00
Cycle 1: max grad = 5.209231e-11 ; sigma = 7.105427e-15
Product_state fixed-point CI iteration converged after 1 cycles
Entering product-state fixed-point CI iteration
Cycle 0: max grad = 2.216031e+02 ; sigma = 0.000000e+00
Cycle 1: max grad = 1.471221e-09 ; sigma = 1.314504e-13
Product_state fixed-point CI iteration converged after 1 cycles
Entering product-state fixed-point CI iteration
Cycle 0: max grad = 2.305390e+02 ; sigma = 0.000000e+00
Cycle 1: max grad = 5.254096e-12 ; sigma = 1.421085e-14
Product_state fixed-point CI iteration converged after 1 cycles
Entering product-state fixed-point CI iteration
Cycle 0: max grad = 1.378741e+02 ; sigma = 0.000000e+00
Cycle 1: max grad = 3.541028e-11 ; sigma = 1.421085e-14
Product_state fixed-point CI iteration converged after 1 cycles
Entering product-state fixed-point CI iteration
Cycle 0: max grad = 2.305751e+02 ; sigma = 0.000000e+00
Cycle 1: max grad = 1.429651e-12 ; sigma = 0.000000e+00
Product_state fixed-point CI iteration converged after 1 cycles
Entering product-state fixed-point CI iteration
Cycle 0: max grad = 1.315051e+02 ; sigma = 0.000000e+00
Cycle 1: max grad = 1.515925e-11 ; sigma = 1.065814e-14
Product_state fixed-point CI iteration converged after 1 cycles
Entering product-state fixed-point CI iteration
Cycle 0: max grad = 2.304953e+02 ; sigma = 0.000000e+00
Cycle 1: max grad = 2.058938e-11 ; sigma = 3.552714e-15
Product_state fixed-point CI iteration converged after 1 cycles
Entering product-state fixed-point CI iteration
Cycle 0: max grad = 1.431277e+02 ; sigma = 0.000000e+00
Cycle 1: max grad = 2.277897e-10 ; sigma = 1.065814e-14
Product_state fixed-point CI iteration converged after 1 cycles
LASSCF state-average energy = -3971.78172517509
LASSCF state 0 energy = -3971.78172517509
LASSCF state 1 energy = -3971.78544533293
LASSCF state 2 energy = -3971.78703968629
LASSCF state 3 energy = -3971.78650823517
LASSCF state 4 energy = -3971.78385097957
LASSCF state 5 energy = -3970.70227092434
LASSCF state 6 energy = -3971.21911746553
LASSCF state 7 energy = -3970.70410445624
LASSCF state 8 energy = -3971.2205938829
LASSCF state 9 energy = -3970.70451439246
LASSCF state 10 energy = -3971.22090990995
LASSCF state 11 energy = -3970.70334804604
LASSCF state 12 energy = -3971.21999102365
LASSI op_o0 memory check: 1.8257088000000001 MB needed of 112845.258752 MB available (128000 MB max)
Symmetry analysis of 13 LAS rootspaces:
 ix            Energy  <S**2>  Neleca  Nelecb  Nelec   Wfnsym
  0  -3971.7817251751   4.750       5       4       9       A
  1  -3971.7854453329  11.750       5       4       9       A
  2  -3971.7870396863  14.750       5       4       9       A
  3  -3971.7865082352  13.750       5       4       9       A
  4  -3971.7838509796   8.750       5       4       9       A
  5  -3970.7022709243   3.750       5       4       9       A
  6  -3971.2191174655   3.750       5       4       9       A
  7  -3970.7041044562   8.750       5       4       9       A
  8  -3971.2205938829   8.750       5       4       9       A
  9  -3970.7045143925   9.750       5       4       9       A
 10  -3971.2209099099   9.750       5       4       9       A
 11  -3970.7033480460   6.750       5       4       9       A
 12  -3971.2199910237   6.750       5       4       9       A
Build + diag H matrix LASSI symmetry block 0
['neleca', 'nelecb', 'irrep'] = (5, 4, 0)
(13 rootspaces; 165 states)
LASSI eigenvalues (165 total):
 ix            Energy  <S**2>  Neleca  Nelecb  Wfnsym
  0  -3971.7926700023   0.750       5       4       A
  1  -3971.7926464809   3.750       5       4       A
  2  -3971.7925973496   8.750       5       4       A
  3  -3971.7925073253  15.750       5       4       A
  4  -3971.7923541975  24.750       5       4       A
  5  -3971.2239358487  15.750       5       4       A
  6  -3971.2224749772  15.750       5       4       A
  7  -3971.2205097797   8.750       5       4       A
  8  -3971.2190463395   3.750       5       4       A
  9  -3971.2184903165   8.750       5       4       A
 10  -3971.2181886603   0.750       5       4       A
 11  -3971.2172361807  15.750       5       4       A
 12  -3971.2147755370   3.750       5       4       A
 13  -3971.2141627360  15.750       5       4       A
 14  -3971.2125830203   0.750       5       4       A
 15  -3971.2121897596  15.750       5       4       A
 16  -3971.2116849534   8.750       5       4       A
 17  -3971.2103413786  15.750       5       4       A
 18  -3971.2093870873   8.750       5       4       A
 19  -3971.2086675000   8.750       5       4       A
 20  -3971.2080751879   3.750       5       4       A
 21  -3971.2080422018   8.750       5       4       A
 22  -3971.2077442821   3.750       5       4       A
 23  -3971.2073802335   0.750       5       4       A
 24  -3971.2058292570   3.750       5       4       A
 25  -3971.2054100513   0.750       5       4       A
 26  -3971.2047778489  15.750       5       4       A
 27  -3971.2047092183   3.750       5       4       A
 28  -3971.2043649327   0.750       5       4       A
 29  -3971.2023958026  15.750       5       4       A
 30  -3971.2023898852   0.750       5       4       A
 31  -3971.2009353062   8.750       5       4       A
 32  -3971.1986428324   8.750       5       4       A
 33  -3971.1982276295   3.750       5       4       A
 34  -3971.1966126128   0.750       5       4       A
 35  -3971.1959618028   3.750       5       4       A
 36  -3971.1943512820   0.750       5       4       A
 37  -3971.1847660675  15.750       5       4       A
 38  -3971.1800099670   8.750       5       4       A
 39  -3971.1766623981   3.750       5       4       A
 40  -3971.1747030566   0.750       5       4       A
 41  -3971.1733197580  15.750       5       4       A
 42  -3971.1731699749  15.750       5       4       A
 43  -3971.1717973320  15.750       5       4       A
 44  -3971.1712201812   8.750       5       4       A
 45  -3971.1704224375   8.750       5       4       A
 46  -3971.1701364251   3.750       5       4       A
 47  -3971.1694841949   0.750       5       4       A
 48  -3971.1689045713  15.750       5       4       A
 49  -3971.1685135588   3.750       5       4       A
 50  -3971.1682754483   8.750       5       4       A
 51  -3971.1673256846   0.750       5       4       A
 52  -3971.1672961410  15.750       5       4       A
 53  -3971.1662686031  15.750       5       4       A
 54  -3971.1656122777   8.750       5       4       A
 55  -3971.1654365231   3.750       5       4       A
 56  -3971.1642556058   3.750       5       4       A
 57  -3971.1638157911   0.750       5       4       A
 58  -3971.1635320261  15.750       5       4       A
 59  -3971.1634322984   0.750       5       4       A
 60  -3971.1633256819   8.750       5       4       A
 61  -3971.1631931017   8.750       5       4       A
 62  -3971.1617589751  15.750       5       4       A
 63  -3971.1611115020   3.750       5       4       A
 64  -3971.1604238485   8.750       5       4       A
 65  -3971.1597673697   0.750       5       4       A
 66  -3971.1594240110   3.750       5       4       A
 67  -3971.1592515786  15.750       5       4       A
 68  -3971.1579305564   3.750       5       4       A
 69  -3971.1574562680   0.750       5       4       A
 70  -3971.1563259689   8.750       5       4       A
 71  -3971.1560664508   0.750       5       4       A
 72  -3971.1538994071   8.750       5       4       A
 73  -3971.1524369712   3.750       5       4       A
 74  -3971.1501007557   0.750       5       4       A
 75  -3971.1500425997   3.750       5       4       A
 76  -3971.1477215109   0.750       5       4       A
 77  -3971.1341434807  15.750       5       4       A
 78  -3971.1318214783   8.750       5       4       A
 79  -3971.1300459709  15.750       5       4       A
 80  -3971.1300198743   3.750       5       4       A
 81  -3971.1288716728   0.750       5       4       A
 82  -3971.1254433859   8.750       5       4       A
 83  -3971.1221436348   3.750       5       4       A
 84  -3971.1201599754   0.750       5       4       A
 85  -3970.7082001965  15.750       5       4       A
 86  -3970.7063537896  15.750       5       4       A
 87  -3970.7040512276   8.750       5       4       A
 88  -3970.7026049814   8.750       5       4       A
 89  -3970.7022370681   3.750       5       4       A
 90  -3970.7011886938   0.750       5       4       A
 91  -3970.6988228215   3.750       5       4       A
 92  -3970.6965309586   0.750       5       4       A
 93  -3970.6909035997  15.750       5       4       A
 94  -3970.6885342377  15.750       5       4       A
 95  -3970.6872061597   8.750       5       4       A
 96  -3970.6860085062   8.750       5       4       A
 97  -3970.6858677000   3.750       5       4       A
 98  -3970.6851574916   0.750       5       4       A
 99  -3970.6829637222   3.750       5       4       A
Remaining 65 eigenvalues truncated; increase verbosity to print them all
