#INFO: **** input file is /project/lgagliardi/valayagarawal/lasscf/mof_nodes/Al_Fe_Fe/production/9_9/lassi_r3_r10.py ****
import numpy as np
import sys
from pyscf import gto, scf, tools,lib, mcscf
from pyscf.mcscf import avas,project_init_guess
from pyscf import mcscf
from mrh.my_pyscf.tools import molden
from mrh.my_pyscf.mcscf import lasscf_async as asyn
mol_name='Al_Fe_Fe.xyz' # Al-Fe-Fe MOF node
basis={'C': 'cc-pvdz','H': 'cc-pvdz','O': 'cc-pvtz','Al': 'cc-pvtz','Fe': 'cc-pvtz'}
r=3;n=10
output='r'+str(r)+'_n'+str(n)+'.log'
mol=gto.M(atom=mol_name,verbose=4,spin=9,charge=0,basis=basis, output=output) #spin = 2S
mf=scf.RHF(mol)
mf=mf.density_fit()
mf.max_cycle=1
mf.kernel()
mf.mo_coeff=np.load('hf.npy')

mo_guess=np.load('final_las_9_9.npy')
las=asyn.LASSCF(mf,(4,5),((0,4),(5,0)),spin_sub=(5,6),verbose=4) # spin is 2S+1
las.set_fragments_(([17],[19]),mo_guess)
las.mo_coeff=mo_guess
from mrh.my_pyscf.lassi import states
las=states.spin_shuffle(las)
for _ in range(r):
    las=states.all_single_excitations(las)
ncsf=las.get_ugg().ncsf_sub
lroots=np.minimum(n,ncsf)
las.lasci()
las.lasci(lroots=lroots)
e_roots, si= las.lassi(opt=1)
import numpy as np
import sys
from pyscf import gto, scf, tools,lib, mcscf
from pyscf.mcscf import avas,project_init_guess
from pyscf import mcscf
from mrh.my_pyscf.tools import molden
from mrh.my_pyscf.mcscf import lasscf_async as asyn
mol_name='Al_Fe_Fe.xyz' # Al-Fe-Fe MOF node
basis={'C': 'cc-pvdz','H': 'cc-pvdz','O': 'cc-pvtz','Al': 'cc-pvtz','Fe': 'cc-pvtz'}
r=3;n=10
output='r'+str(r)+'_n'+str(n)+'.log'
mol=gto.M(atom=mol_name,verbose=4,spin=9,charge=0,basis=basis, output=output) #spin = 2S
mf=scf.RHF(mol)
mf=mf.density_fit()
mf.max_cycle=1
mf.kernel()
mf.mo_coeff=np.load('hf.npy')

mo_guess=np.load('final_las_9_9.npy')
las=asyn.LASSCF(mf,(4,5),((0,4),(5,0)),spin_sub=(5,6),verbose=4) # spin is 2S+1
las.set_fragments_(([17],[19]),mo_guess)
las.mo_coeff=mo_guess
from mrh.my_pyscf.lassi import states
las=states.spin_shuffle(las)
for _ in range(r):
    las=states.all_single_excitations(las)
ncsf=las.get_ugg().ncsf_sub
lroots=np.minimum(n,ncsf)
las.lasci()
las.lasci(lroots=lroots)
e_roots, si= las.lassi(opt=1)
#INFO: ******************** input file end ********************


System: uname_result(system='Linux', node='midway3-0553.rcc.local', release='4.18.0-305.3.1.el8.x86_64', version='#1 SMP Tue Jun 1 16:14:33 UTC 2021', machine='x86_64')  Threads 16
Python 3.9.12 (main, Apr  5 2022, 06:56:58) 
[GCC 7.5.0]
numpy 1.25.0  scipy 1.7.3
Date: Tue Feb 20 18:03:07 2024
PySCF version 2.5.0
PySCF path  /project/lgagliardi/shared/Apps/pyscf
GIT ORIG_HEAD 0bc590ffddec98eec5d2513a3d85274b7a791bc6
GIT HEAD (branch master) 6f8ce439fbe0c26ec4d226e2225b28c7f668f922

[ENV] PYSCF_MAX_MEMORY 128000
[CONFIG] conf_file /home/valayagarawal/.pyscf_conf.py
[INPUT] verbose = 4
[INPUT] num. atoms = 28
[INPUT] num. electrons = 211
[INPUT] charge = 0
[INPUT] spin (= nelec alpha-beta = 2S) = 9
[INPUT] symmetry False subgroup None
[INPUT] Mole.unit = angstrom
[INPUT] Symbol           X                Y                Z      unit          X                Y                Z       unit  Magmom
[INPUT]  1 O     -2.220198244100   0.399190300300   1.694471698900 AA   -4.195566623589   0.754360339150   3.202087436747 Bohr   0.0
[INPUT]  2 O     -1.685553244600  -1.782306321700   1.431399507200 AA   -3.185234000666  -3.368070818094   2.704953043445 Bohr   0.0
[INPUT]  3 C     -2.268517865100  -0.831955037900   1.983951274000 AA   -4.286877473722  -1.572167169583   3.749124552342 Bohr   0.0
[INPUT]  4 H     -2.913342016700  -1.076728588500   2.843786805300 AA   -5.505418518751  -2.034722142755   5.373978218669 Bohr   0.0
[INPUT]  5 O      1.388288080900   2.079556156200  -1.347085675300 AA    2.623484254899   3.929791595871  -2.545622992642 Bohr   0.0
[INPUT]  6 O     -0.759908859500   2.580923634700  -0.849227704000 AA   -1.436019624086   4.877238818000  -1.604807777953 Bohr   0.0
[INPUT]  7 C      0.346567468600   2.753895325000  -1.438835699000 AA    0.654917599338   5.204107939970  -2.719005409357 Bohr   0.0
[INPUT]  8 H      0.372379614500   3.617699659800  -2.123091150300 AA    0.703695485776   6.836461557954  -4.012060811555 Bohr   0.0
[INPUT]  9 O      1.046960908100  -2.642534200000   0.961324672200 AA    1.978469379435  -4.993665912797   1.816640347245 Bohr   0.0
[INPUT] 10 O     -0.399190300300   2.220198244100   1.694471698900 AA   -0.754360339150   4.195566623589   3.202087436747 Bohr   0.0
[INPUT] 11 O      1.782306321700   1.685553244600   1.431399507200 AA    3.368070818094   3.185234000666   2.704953043445 Bohr   0.0
[INPUT] 12 C      0.831955037900   2.268517865100   1.983951274000 AA    1.572167169583   4.286877473722   3.749124552342 Bohr   0.0
[INPUT] 13 H      1.076728588500   2.913342016700   2.843786805300 AA    2.034722142755   5.505418518751   5.373978218669 Bohr   0.0
[INPUT] 14 O     -2.079556156200  -1.388288080900  -1.347085675300 AA   -3.929791595871  -2.623484254899  -2.545622992642 Bohr   0.0
[INPUT] 15 O     -2.580923634700   0.759908859500  -0.849227704000 AA   -4.877238818000   1.436019624086  -1.604807777953 Bohr   0.0
[INPUT] 16 C     -2.753895325000  -0.346567468600  -1.438835699000 AA   -5.204107939970  -0.654917599338  -2.719005409357 Bohr   0.0
[INPUT] 17 H     -3.617699659800  -0.372379614500  -2.123091150300 AA   -6.836461557954  -0.703695485776  -4.012060811555 Bohr   0.0
[INPUT] 18 Fe    -0.379874189300  -1.792603362900  -0.200337730300 AA   -0.717858179568  -3.387529405855  -0.378583442684 Bohr   0.0
[INPUT] 19 O      0.642223180300  -2.237796553000  -1.892914517600 AA    1.213625921614  -4.228822607666  -3.577090015477 Bohr   0.0
[INPUT] 20 Fe     1.792603362900   0.379874189300  -0.200337730300 AA    3.387529405855   0.717858179568  -0.378583442684 Bohr   0.0
[INPUT] 21 O      2.237796553000  -0.642223180300  -1.892914517600 AA    4.228822607666  -1.213625921614  -3.577090015477 Bohr   0.0
[INPUT] 22 O      2.642534200000  -1.046960908100   0.961324672200 AA    4.993665912797  -1.978469379435   1.816640347245 Bohr   0.0
[INPUT] 23 Al    -1.236271642100   1.236271642100   0.350650148000 AA   -2.336214819135   2.336214819135   0.662632745258 Bohr   0.0
[INPUT] 24 O     -0.044950195400   0.044950195400   0.012762141300 AA   -0.084943558552   0.084943558552   0.024116951820 Bohr   0.0
[INPUT] 25 C      1.645528685000  -1.645528685000  -2.357112465400 AA    3.109598544766  -3.109598544766  -4.454297004404 Bohr   0.0
[INPUT] 26 H      2.056906298400  -2.056906298400  -3.294571291600 AA    3.886989567869  -3.886989567869  -6.225837438979 Bohr   0.0
[INPUT] 27 C      2.160924281100  -2.160924281100   1.277584186800 AA    4.083555067202  -4.083555067202   2.414284214127 Bohr   0.0
[INPUT] 28 H      2.796080543300  -2.796080543300   1.918244302400 AA    5.283826449062  -5.283826449062   3.624956371543 Bohr   0.0

nuclear repulsion = 3455.30471244119
number of shells = 192
number of NR pGTOs = 1065
number of NR cGTOs = 674
basis = {'C': 'cc-pvdz', 'H': 'cc-pvdz', 'O': 'cc-pvtz', 'Al': 'cc-pvtz', 'Fe': 'cc-pvtz'}
ecp = {}
CPU time:      6041.98


******** <class 'pyscf.df.df_jk.DFROHF'> ********
method = DFROHF
initial guess = minao
damping factor = 0
level_shift factor = 0
DIIS = <class 'pyscf.scf.diis.CDIIS'>
diis_start_cycle = 1
diis_space = 8
diis_damp = 0
SCF conv_tol = 1e-09
SCF conv_tol_grad = None
SCF max_cycles = 1
direct_scf = False
chkfile to save SCF result = /scratch/local/jobs/17475398/tmpsz2q390n
max_memory 128000 MB (current use 8093 MB)
num. doubly occ = 101  num. singly occ = 9
Set gradient conv threshold to 3.16228e-05
******** <class 'pyscf.df.df.DF'> ********
auxbasis = None
max_memory = 128000
Even tempered Gaussians are generated as DF auxbasis for  C H Fe O Al
init E= -3971.90238344316
  HOMO = 0.121056952198069  LUMO = 0.123678658553592
cycle= 1 E= -3943.04990514113  delta_E= 28.9  |g|= 9.05  |ddm|=   34
SCF not converged.
SCF energy = -3943.04990514113
Built 4 spin(local Sz)-shuffled LAS states from 1 reference LAS states
Built 8 singly-excited LAS states from 5 reference LAS states
Built 16 singly-excited LAS states from 13 reference LAS states
Built 18 singly-excited LAS states from 29 reference LAS states
Entering product-state fixed-point CI iteration
Cycle 0: max grad = 0.000000e+00 ; sigma = 0.000000e+00
Cycle 1: max grad = 0.000000e+00 ; sigma = 7.105427e-15
Product_state fixed-point CI iteration converged after 1 cycles
Entering product-state fixed-point CI iteration
Cycle 0: max grad = 7.944220e-16 ; sigma = 0.000000e+00
Cycle 1: max grad = 7.944220e-16 ; sigma = 3.552714e-15
Product_state fixed-point CI iteration converged after 1 cycles
Entering product-state fixed-point CI iteration
Cycle 0: max grad = 2.808667e-15 ; sigma = 0.000000e+00
Cycle 1: max grad = 2.808667e-15 ; sigma = 3.552714e-15
Product_state fixed-point CI iteration converged after 1 cycles
Entering product-state fixed-point CI iteration
Cycle 0: max grad = 1.685148e-15 ; sigma = 0.000000e+00
Cycle 1: max grad = 1.685148e-15 ; sigma = 3.552714e-15
Product_state fixed-point CI iteration converged after 1 cycles
Entering product-state fixed-point CI iteration
Cycle 0: max grad = 3.972517e-16 ; sigma = 0.000000e+00
Cycle 1: max grad = 3.972517e-16 ; sigma = 7.105427e-15
Product_state fixed-point CI iteration converged after 1 cycles
Entering product-state fixed-point CI iteration
Cycle 0: max grad = 2.083333e-02 ; sigma = 0.000000e+00
Cycle 1: max grad = 1.804106e-04 ; sigma = 1.509717e-02
Cycle 2: max grad = 8.024693e-06 ; sigma = 4.205646e-06
Cycle 3: max grad = 8.492337e-08 ; sigma = 1.538840e-09
Cycle 4: max grad = 4.420344e-09 ; sigma = 8.739676e-13
Product_state fixed-point CI iteration converged after 4 cycles
Entering product-state fixed-point CI iteration
Cycle 0: max grad = 1.101817e-02 ; sigma = 0.000000e+00
Cycle 1: max grad = 8.493400e-04 ; sigma = 2.546172e-03
Cycle 2: max grad = 3.099861e-05 ; sigma = 1.087144e-05
Cycle 3: max grad = 9.669547e-07 ; sigma = 4.495458e-08
Cycle 4: max grad = 4.886407e-08 ; sigma = 7.803891e-11
Product_state fixed-point CI iteration converged after 4 cycles
Entering product-state fixed-point CI iteration
Cycle 0: max grad = 2.086537e-02 ; sigma = 0.000000e+00
Cycle 1: max grad = 1.555107e-04 ; sigma = 1.519079e-02
Cycle 2: max grad = 6.937950e-06 ; sigma = 1.773110e-05
Cycle 3: max grad = 3.177356e-08 ; sigma = 1.432248e-09
Cycle 4: max grad = 8.607064e-10 ; sigma = 1.634248e-13
Product_state fixed-point CI iteration converged after 4 cycles
Entering product-state fixed-point CI iteration
Cycle 0: max grad = 1.135317e-02 ; sigma = 0.000000e+00
Cycle 1: max grad = 3.890004e-04 ; sigma = 5.047265e-03
Cycle 2: max grad = 6.347742e-06 ; sigma = 8.016448e-06
Cycle 3: max grad = 8.559102e-08 ; sigma = 2.116831e-09
Cycle 4: max grad = 2.299193e-09 ; sigma = 8.348877e-13
Product_state fixed-point CI iteration converged after 4 cycles
Entering product-state fixed-point CI iteration
Cycle 0: max grad = 2.087178e-02 ; sigma = 0.000000e+00
Cycle 1: max grad = 1.547389e-04 ; sigma = 1.513937e-02
Cycle 2: max grad = 1.148463e-05 ; sigma = 2.510986e-05
Cycle 3: max grad = 9.451227e-09 ; sigma = 2.550390e-09
Cycle 4: max grad = 7.030745e-10 ; sigma = 1.776357e-13
Product_state fixed-point CI iteration converged after 4 cycles
Entering product-state fixed-point CI iteration
Cycle 0: max grad = 1.142016e-02 ; sigma = 0.000000e+00
Cycle 1: max grad = 3.084975e-04 ; sigma = 5.526709e-03
Cycle 2: max grad = 5.254459e-06 ; sigma = 8.780770e-06
Cycle 3: max grad = 4.588659e-08 ; sigma = 1.407585e-10
Cycle 4: max grad = 9.354637e-10 ; sigma = 1.278977e-13
Product_state fixed-point CI iteration converged after 4 cycles
Entering product-state fixed-point CI iteration
Cycle 0: max grad = 2.085255e-02 ; sigma = 0.000000e+00
Cycle 1: max grad = 1.594745e-04 ; sigma = 1.518964e-02
Cycle 2: max grad = 8.524625e-06 ; sigma = 8.465540e-06
Cycle 3: max grad = 6.245173e-08 ; sigma = 1.669317e-09
Cycle 4: max grad = 2.392865e-09 ; sigma = 4.867218e-13
Product_state fixed-point CI iteration converged after 4 cycles
Entering product-state fixed-point CI iteration
Cycle 0: max grad = 1.121917e-02 ; sigma = 0.000000e+00
Cycle 1: max grad = 5.578526e-04 ; sigma = 4.057117e-03
Cycle 2: max grad = 1.333660e-05 ; sigma = 3.644741e-06
Cycle 3: max grad = 2.961619e-07 ; sigma = 8.619139e-09
Cycle 4: max grad = 1.026352e-08 ; sigma = 7.446488e-12
Product_state fixed-point CI iteration converged after 4 cycles
Entering product-state fixed-point CI iteration
Cycle 0: max grad = 5.142329e-02 ; sigma = 0.000000e+00
Cycle 1: max grad = 1.129254e-04 ; sigma = 3.090467e-02
Cycle 2: max grad = 3.715594e-06 ; sigma = 2.659364e-07
Cycle 3: max grad = 9.112268e-08 ; sigma = 2.520544e-10
Cycle 4: max grad = 3.853120e-09 ; sigma = 2.451372e-13
Product_state fixed-point CI iteration converged after 4 cycles
Entering product-state fixed-point CI iteration
Cycle 0: max grad = 3.563703e-02 ; sigma = 0.000000e+00
Cycle 1: max grad = 3.773589e-04 ; sigma = 1.461403e-02
Cycle 2: max grad = 8.112816e-06 ; sigma = 3.083922e-06
Cycle 3: max grad = 1.861146e-07 ; sigma = 1.081244e-09
Cycle 4: max grad = 4.096478e-09 ; sigma = 7.531753e-13
Product_state fixed-point CI iteration converged after 4 cycles
Entering product-state fixed-point CI iteration
Cycle 0: max grad = 3.563704e-02 ; sigma = 0.000000e+00
Cycle 1: max grad = 1.609823e-15 ; sigma = 4.441354e-02
Cycle 2: max grad = 1.997114e-15 ; sigma = 7.105427e-15
Product_state fixed-point CI iteration converged after 2 cycles
Entering product-state fixed-point CI iteration
Cycle 0: max grad = 2.656866e-02 ; sigma = 0.000000e+00
Cycle 1: max grad = 3.552714e-15 ; sigma = 2.940172e-02
Cycle 2: max grad = 5.329071e-15 ; sigma = 0.000000e+00
Product_state fixed-point CI iteration converged after 2 cycles
Entering product-state fixed-point CI iteration
Cycle 0: max grad = 4.370580e-02 ; sigma = 0.000000e+00
Cycle 1: max grad = 6.982535e-04 ; sigma = 2.695574e-02
Cycle 2: max grad = 4.786314e-05 ; sigma = 1.561393e-05
Cycle 3: max grad = 3.173675e-06 ; sigma = 2.717186e-10
Cycle 4: max grad = 2.074223e-07 ; sigma = 9.453771e-12
Product_state fixed-point CI iteration converged after 4 cycles
Entering product-state fixed-point CI iteration
Cycle 0: max grad = 5.140153e-02 ; sigma = 0.000000e+00
Cycle 1: max grad = 6.844058e-05 ; sigma = 3.093395e-02
Cycle 2: max grad = 9.203817e-07 ; sigma = 7.842421e-08
Cycle 3: max grad = 1.067064e-08 ; sigma = 2.136602e-11
Product_state fixed-point CI iteration converged after 3 cycles
Entering product-state fixed-point CI iteration
Cycle 0: max grad = 3.563703e-02 ; sigma = 0.000000e+00
Cycle 1: max grad = 3.688145e-04 ; sigma = 1.606742e-02
Cycle 2: max grad = 1.426166e-05 ; sigma = 2.260024e-05
Cycle 3: max grad = 2.428958e-07 ; sigma = 1.935445e-08
Cycle 4: max grad = 1.487766e-08 ; sigma = 1.633538e-11
Product_state fixed-point CI iteration converged after 4 cycles
Entering product-state fixed-point CI iteration
Cycle 0: max grad = 3.563704e-02 ; sigma = 0.000000e+00
Cycle 1: max grad = 2.808667e-15 ; sigma = 4.563509e-02
Cycle 2: max grad = 2.808667e-15 ; sigma = 3.552714e-15
Product_state fixed-point CI iteration converged after 2 cycles
Entering product-state fixed-point CI iteration
Cycle 0: max grad = 2.656866e-02 ; sigma = 0.000000e+00
Cycle 1: max grad = 2.628831e-15 ; sigma = 2.967507e-02
Cycle 2: max grad = 2.579975e-15 ; sigma = 3.552714e-15
Product_state fixed-point CI iteration converged after 2 cycles
Entering product-state fixed-point CI iteration
Cycle 0: max grad = 4.349932e-02 ; sigma = 0.000000e+00
Cycle 1: max grad = 2.932462e-04 ; sigma = 2.721395e-02
Cycle 2: max grad = 1.775626e-05 ; sigma = 8.464375e-06
Cycle 3: max grad = 5.110598e-07 ; sigma = 7.483241e-09
Cycle 4: max grad = 2.988754e-08 ; sigma = 1.243095e-11
Product_state fixed-point CI iteration converged after 4 cycles
Entering product-state fixed-point CI iteration
Cycle 0: max grad = 5.140878e-02 ; sigma = 0.000000e+00
Cycle 1: max grad = 8.377756e-05 ; sigma = 3.092432e-02
Cycle 2: max grad = 1.673315e-06 ; sigma = 1.520457e-07
Cycle 3: max grad = 2.676272e-08 ; sigma = 6.778578e-11
Product_state fixed-point CI iteration converged after 3 cycles
Entering product-state fixed-point CI iteration
Cycle 0: max grad = 3.563703e-02 ; sigma = 0.000000e+00
Cycle 1: max grad = 2.412780e-04 ; sigma = 1.557825e-02
Cycle 2: max grad = 1.003427e-05 ; sigma = 1.101080e-05
Cycle 3: max grad = 1.482401e-07 ; sigma = 6.427271e-09
Cycle 4: max grad = 7.870242e-09 ; sigma = 4.188649e-12
Product_state fixed-point CI iteration converged after 4 cycles
Entering product-state fixed-point CI iteration
Cycle 0: max grad = 3.563704e-02 ; sigma = 0.000000e+00
Cycle 1: max grad = 2.331468e-15 ; sigma = 4.522394e-02
Cycle 2: max grad = 2.220446e-15 ; sigma = 7.105427e-15
Product_state fixed-point CI iteration converged after 2 cycles
Entering product-state fixed-point CI iteration
Cycle 0: max grad = 2.656866e-02 ; sigma = 0.000000e+00
Cycle 1: max grad = 4.214497e-15 ; sigma = 2.958112e-02
Cycle 2: max grad = 3.206718e-15 ; sigma = 3.552714e-15
Product_state fixed-point CI iteration converged after 2 cycles
Entering product-state fixed-point CI iteration
Cycle 0: max grad = 4.356814e-02 ; sigma = 0.000000e+00
Cycle 1: max grad = 4.272677e-04 ; sigma = 2.713529e-02
Cycle 2: max grad = 2.768800e-05 ; sigma = 1.199021e-05
Cycle 3: max grad = 1.152381e-06 ; sigma = 1.229266e-08
Cycle 4: max grad = 7.176204e-08 ; sigma = 3.091571e-11
Product_state fixed-point CI iteration converged after 4 cycles
Entering product-state fixed-point CI iteration
Cycle 0: max grad = 2.656866e-02 ; sigma = 0.000000e+00
Cycle 1: max grad = 2.498002e-15 ; sigma = 2.915674e-02
Cycle 2: max grad = 1.776357e-15 ; sigma = 3.552714e-15
Product_state fixed-point CI iteration converged after 2 cycles
Entering product-state fixed-point CI iteration
Cycle 0: max grad = 3.500321e-02 ; sigma = 0.000000e+00
Cycle 1: max grad = 1.848415e-04 ; sigma = 1.457263e-03
Cycle 2: max grad = 2.201927e-06 ; sigma = 1.378541e-06
Cycle 3: max grad = 2.118284e-08 ; sigma = 1.626752e-10
Cycle 4: max grad = 3.611793e-10 ; sigma = 4.263256e-14
Product_state fixed-point CI iteration converged after 4 cycles
Entering product-state fixed-point CI iteration
Cycle 0: max grad = 4.083648e-02 ; sigma = 0.000000e+00
Cycle 1: max grad = 2.203546e-04 ; sigma = 9.860102e-03
Cycle 2: max grad = 2.139720e-06 ; sigma = 1.247642e-06
Cycle 3: max grad = 1.350933e-07 ; sigma = 4.576357e-10
Cycle 4: max grad = 2.858127e-09 ; sigma = 6.110668e-13
Product_state fixed-point CI iteration converged after 4 cycles
Entering product-state fixed-point CI iteration
Cycle 0: max grad = 3.132254e-02 ; sigma = 0.000000e+00
Cycle 1: max grad = 9.822747e-05 ; sigma = 3.812168e-02
Cycle 2: max grad = 1.908287e-07 ; sigma = 4.673011e-07
Cycle 3: max grad = 1.315179e-09 ; sigma = 1.715961e-12
Product_state fixed-point CI iteration converged after 3 cycles
Entering product-state fixed-point CI iteration
Cycle 0: max grad = 4.086546e-02 ; sigma = 0.000000e+00
Cycle 1: max grad = 1.661109e-04 ; sigma = 6.344843e-02
Cycle 2: max grad = 1.844582e-05 ; sigma = 2.213738e-05
Cycle 3: max grad = 1.576355e-06 ; sigma = 7.564205e-08
Cycle 4: max grad = 7.625801e-08 ; sigma = 3.269882e-10
Cycle 5: max grad = 6.861365e-09 ; sigma = 1.417533e-12
Product_state fixed-point CI iteration converged after 5 cycles
Entering product-state fixed-point CI iteration
Cycle 0: max grad = 4.919914e-02 ; sigma = 0.000000e+00
Cycle 1: max grad = 3.895891e-04 ; sigma = 8.343964e-03
Cycle 2: max grad = 1.985217e-05 ; sigma = 1.608377e-05
Cycle 3: max grad = 1.035989e-06 ; sigma = 2.511799e-08
Cycle 4: max grad = 3.832605e-08 ; sigma = 4.337508e-11
Product_state fixed-point CI iteration converged after 4 cycles
Entering product-state fixed-point CI iteration
Cycle 0: max grad = 4.913296e-02 ; sigma = 0.000000e+00
Cycle 1: max grad = 5.796651e-04 ; sigma = 4.845601e-02
Cycle 2: max grad = 1.850693e-05 ; sigma = 6.362623e-06
Cycle 3: max grad = 2.923900e-06 ; sigma = 5.314682e-08
Cycle 4: max grad = 1.602330e-07 ; sigma = 4.242295e-10
Cycle 5: max grad = 2.215697e-08 ; sigma = 3.296918e-12
Product_state fixed-point CI iteration converged after 5 cycles
Entering product-state fixed-point CI iteration
Cycle 0: max grad = 3.135993e-02 ; sigma = 0.000000e+00
Cycle 1: max grad = 1.443181e-04 ; sigma = 3.562498e-02
Cycle 2: max grad = 8.658997e-06 ; sigma = 6.930744e-06
Cycle 3: max grad = 1.265949e-07 ; sigma = 4.850612e-09
Cycle 4: max grad = 1.707588e-08 ; sigma = 9.762857e-12
Product_state fixed-point CI iteration converged after 4 cycles
Entering product-state fixed-point CI iteration
Cycle 0: max grad = 2.765934e-02 ; sigma = 0.000000e+00
Cycle 1: max grad = 1.251320e-03 ; sigma = 2.133949e-02
Cycle 2: max grad = 2.415506e-05 ; sigma = 6.618534e-05
Cycle 3: max grad = 2.595257e-06 ; sigma = 5.798161e-08
Cycle 4: max grad = 1.241734e-07 ; sigma = 3.241176e-10
Cycle 5: max grad = 1.329892e-08 ; sigma = 1.683986e-12
Product_state fixed-point CI iteration converged after 5 cycles
Entering product-state fixed-point CI iteration
Cycle 0: max grad = 3.500118e-02 ; sigma = 0.000000e+00
Cycle 1: max grad = 8.427657e-05 ; sigma = 1.444576e-03
Cycle 2: max grad = 5.260784e-07 ; sigma = 3.028986e-07
Cycle 3: max grad = 2.323668e-09 ; sigma = 8.512302e-12
Product_state fixed-point CI iteration converged after 3 cycles
Entering product-state fixed-point CI iteration
Cycle 0: max grad = 4.088492e-02 ; sigma = 0.000000e+00
Cycle 1: max grad = 2.313566e-04 ; sigma = 9.926192e-03
Cycle 2: max grad = 3.563378e-06 ; sigma = 3.005277e-07
Cycle 3: max grad = 6.529317e-08 ; sigma = 5.676206e-10
Cycle 4: max grad = 4.478341e-09 ; sigma = 7.673862e-13
Product_state fixed-point CI iteration converged after 4 cycles
Entering product-state fixed-point CI iteration
Cycle 0: max grad = 3.132254e-02 ; sigma = 0.000000e+00
Cycle 1: max grad = 8.448209e-05 ; sigma = 3.794217e-02
Cycle 2: max grad = 3.396964e-07 ; sigma = 4.888110e-07
Cycle 3: max grad = 2.842171e-09 ; sigma = 3.115730e-12
Product_state fixed-point CI iteration converged after 3 cycles
Entering product-state fixed-point CI iteration
Cycle 0: max grad = 4.088492e-02 ; sigma = 0.000000e+00
Cycle 1: max grad = 2.748624e-04 ; sigma = 6.349011e-02
Cycle 2: max grad = 5.623612e-05 ; sigma = 9.809548e-05
Cycle 3: max grad = 2.810377e-06 ; sigma = 8.038755e-07
Cycle 4: max grad = 6.216821e-07 ; sigma = 8.186070e-09
Cycle 5: max grad = 2.643779e-08 ; sigma = 8.988010e-11
Product_state fixed-point CI iteration converged after 5 cycles
Entering product-state fixed-point CI iteration
Cycle 0: max grad = 4.915193e-02 ; sigma = 0.000000e+00
Cycle 1: max grad = 2.168366e-04 ; sigma = 9.032340e-03
Cycle 2: max grad = 1.454848e-05 ; sigma = 2.557966e-06
Cycle 3: max grad = 2.136167e-06 ; sigma = 1.531754e-08
Cycle 4: max grad = 2.102225e-07 ; sigma = 2.455494e-10
Cycle 5: max grad = 3.002700e-08 ; sigma = 3.517187e-12
Product_state fixed-point CI iteration converged after 5 cycles
Entering product-state fixed-point CI iteration
Cycle 0: max grad = 4.909420e-02 ; sigma = 0.000000e+00
Cycle 1: max grad = 3.484934e-04 ; sigma = 4.962025e-02
Cycle 2: max grad = 2.471229e-05 ; sigma = 3.814460e-07
Cycle 3: max grad = 1.625421e-06 ; sigma = 8.846794e-08
Cycle 4: max grad = 7.217226e-07 ; sigma = 2.645560e-09
Cycle 5: max grad = 4.788158e-08 ; sigma = 7.806378e-11
Product_state fixed-point CI iteration converged after 5 cycles
Entering product-state fixed-point CI iteration
Cycle 0: max grad = 3.135993e-02 ; sigma = 0.000000e+00
Cycle 1: max grad = 1.180548e-04 ; sigma = 3.529314e-02
Cycle 2: max grad = 5.980551e-06 ; sigma = 4.821279e-06
Cycle 3: max grad = 9.742885e-08 ; sigma = 2.933909e-09
Cycle 4: max grad = 1.041822e-08 ; sigma = 5.041301e-12
Product_state fixed-point CI iteration converged after 4 cycles
Entering product-state fixed-point CI iteration
Cycle 0: max grad = 2.734120e-02 ; sigma = 0.000000e+00
Cycle 1: max grad = 5.799266e-04 ; sigma = 2.107425e-02
Cycle 2: max grad = 6.132665e-06 ; sigma = 1.753771e-05
Cycle 3: max grad = 2.820389e-07 ; sigma = 2.794266e-09
Cycle 4: max grad = 6.934682e-09 ; sigma = 3.979039e-12
Product_state fixed-point CI iteration converged after 4 cycles
Entering product-state fixed-point CI iteration
Cycle 0: max grad = 4.082653e-02 ; sigma = 0.000000e+00
Cycle 1: max grad = 2.559716e-04 ; sigma = 6.336533e-02
Cycle 2: max grad = 2.165685e-05 ; sigma = 4.676512e-06
Cycle 3: max grad = 8.241784e-07 ; sigma = 1.773169e-08
Cycle 4: max grad = 8.163145e-08 ; sigma = 7.737455e-11
Product_state fixed-point CI iteration converged after 4 cycles
Entering product-state fixed-point CI iteration
Cycle 0: max grad = 3.135993e-02 ; sigma = 0.000000e+00
Cycle 1: max grad = 2.495739e-04 ; sigma = 3.630143e-02
Cycle 2: max grad = 1.354671e-05 ; sigma = 8.176412e-06
Cycle 3: max grad = 7.325670e-07 ; sigma = 2.015582e-09
Cycle 4: max grad = 3.691778e-08 ; sigma = 6.828316e-12
Product_state fixed-point CI iteration converged after 4 cycles
LASSCF state-average energy = -3971.78172517509
LASSCF state 0 energy = -3971.78172517509
LASSCF state 1 energy = -3971.78544533293
LASSCF state 2 energy = -3971.78703968629
LASSCF state 3 energy = -3971.78650823517
LASSCF state 4 energy = -3971.78385097957
LASSCF state 5 energy = -3970.70227092434
LASSCF state 6 energy = -3971.21911746553
LASSCF state 7 energy = -3970.70410445624
LASSCF state 8 energy = -3971.2205938829
LASSCF state 9 energy = -3970.70451439246
LASSCF state 10 energy = -3971.22090990995
LASSCF state 11 energy = -3970.70334804604
LASSCF state 12 energy = -3971.21999102365
LASSCF state 13 energy = -3968.32924174878
LASSCF state 14 energy = -3971.572550933
LASSCF state 15 energy = -3971.69954166039
LASSCF state 16 energy = -3971.65832732108
LASSCF state 17 energy = -3969.36351548919
LASSCF state 18 energy = -3968.32962488427
LASSCF state 19 energy = -3971.5752914225
LASSCF state 20 energy = -3971.70156883598
LASSCF state 21 energy = -3971.6602597378
LASSCF state 22 energy = -3969.36434378694
LASSCF state 23 energy = -3968.32949647838
LASSCF state 24 energy = -3971.57435924137
LASSCF state 25 energy = -3971.70088914341
LASSCF state 26 energy = -3971.65961276769
LASSCF state 27 energy = -3969.36405965635
LASSCF state 28 energy = -3971.65642328352
LASSCF state 29 energy = -3964.50703649129
LASSCF state 30 energy = -3970.59128526739
LASSCF state 31 energy = -3970.65795889192
LASSCF state 32 energy = -3970.63693954898
LASSCF state 33 energy = -3971.09236715835
LASSCF state 34 energy = -3971.17844188078
LASSCF state 35 energy = -3971.13415835784
LASSCF state 36 energy = -3966.10058897991
LASSCF state 37 energy = -3964.50712473362
LASSCF state 38 energy = -3970.59148612756
LASSCF state 39 energy = -3970.65812378447
LASSCF state 40 energy = -3970.63738220811
LASSCF state 41 energy = -3971.09274609888
LASSCF state 42 energy = -3971.17874001872
LASSCF state 43 energy = -3971.13444948392
LASSCF state 44 energy = -3966.10082208806
LASSCF state 45 energy = -3970.6361922001
LASSCF state 46 energy = -3971.13359711366
Entering product-state fixed-point CI iteration
Cycle 0: max grad = 0.000000e+00 ; sigma = 0.000000e+00
Cycle 1: max grad = 0.000000e+00 ; sigma = 1.065814e-14
Product_state fixed-point CI iteration converged after 1 cycles
Entering product-state fixed-point CI iteration
Cycle 0: max grad = 7.944220e-16 ; sigma = 0.000000e+00
Cycle 1: max grad = 7.944220e-16 ; sigma = 3.552714e-15
Product_state fixed-point CI iteration converged after 1 cycles
Entering product-state fixed-point CI iteration
Cycle 0: max grad = 2.808667e-15 ; sigma = 0.000000e+00
Cycle 1: max grad = 2.808667e-15 ; sigma = 1.065814e-14
Product_state fixed-point CI iteration converged after 1 cycles
Entering product-state fixed-point CI iteration
Cycle 0: max grad = 1.685148e-15 ; sigma = 0.000000e+00
Cycle 1: max grad = 1.685148e-15 ; sigma = 0.000000e+00
Product_state fixed-point CI iteration converged after 1 cycles
Entering product-state fixed-point CI iteration
Cycle 0: max grad = 3.972517e-16 ; sigma = 0.000000e+00
Cycle 1: max grad = 3.972517e-16 ; sigma = 3.552714e-15
Product_state fixed-point CI iteration converged after 1 cycles
Entering product-state fixed-point CI iteration
Cycle 0: max grad = 2.304412e+02 ; sigma = 0.000000e+00
Cycle 1: max grad = 5.208937e-11 ; sigma = 7.105427e-15
Product_state fixed-point CI iteration converged after 1 cycles
Entering product-state fixed-point CI iteration
Cycle 0: max grad = 2.216031e+02 ; sigma = 0.000000e+00
Cycle 1: max grad = 1.471234e-09 ; sigma = 1.314504e-13
Product_state fixed-point CI iteration converged after 1 cycles
Entering product-state fixed-point CI iteration
Cycle 0: max grad = 2.305390e+02 ; sigma = 0.000000e+00
Cycle 1: max grad = 5.253361e-12 ; sigma = 1.421085e-14
Product_state fixed-point CI iteration converged after 1 cycles
Entering product-state fixed-point CI iteration
Cycle 0: max grad = 1.378741e+02 ; sigma = 0.000000e+00
Cycle 1: max grad = 3.540505e-11 ; sigma = 1.421085e-14
Product_state fixed-point CI iteration converged after 1 cycles
Entering product-state fixed-point CI iteration
Cycle 0: max grad = 2.305751e+02 ; sigma = 0.000000e+00
Cycle 1: max grad = 1.429227e-12 ; sigma = 7.105427e-15
Product_state fixed-point CI iteration converged after 1 cycles
Entering product-state fixed-point CI iteration
Cycle 0: max grad = 1.315051e+02 ; sigma = 0.000000e+00
Cycle 1: max grad = 1.516048e-11 ; sigma = 1.065814e-14
Product_state fixed-point CI iteration converged after 1 cycles
Entering product-state fixed-point CI iteration
Cycle 0: max grad = 6.361888e+01 ; sigma = 0.000000e+00
Cycle 1: max grad = 2.058933e-11 ; sigma = 0.000000e+00
Product_state fixed-point CI iteration converged after 1 cycles
Entering product-state fixed-point CI iteration
Cycle 0: max grad = 1.431277e+02 ; sigma = 0.000000e+00
Cycle 1: max grad = 2.277976e-10 ; sigma = 7.105427e-15
Product_state fixed-point CI iteration converged after 1 cycles
Entering product-state fixed-point CI iteration
Cycle 0: max grad = 3.519335e+02 ; sigma = 0.000000e+00
Cycle 1: max grad = 1.287152e-10 ; sigma = 1.776357e-14
Product_state fixed-point CI iteration converged after 1 cycles
Entering product-state fixed-point CI iteration
Cycle 0: max grad = 2.273792e+02 ; sigma = 0.000000e+00
Cycle 1: max grad = 1.290675e-10 ; sigma = 1.065814e-14
Product_state fixed-point CI iteration converged after 1 cycles
Entering product-state fixed-point CI iteration
Cycle 0: max grad = 2.155646e+02 ; sigma = 0.000000e+00
Cycle 1: max grad = 4.729550e-14 ; sigma = 0.000000e+00
Product_state fixed-point CI iteration converged after 1 cycles
Entering product-state fixed-point CI iteration
Cycle 0: max grad = 2.213030e+02 ; sigma = 0.000000e+00
Cycle 1: max grad = 2.008370e-14 ; sigma = 7.105427e-15
Product_state fixed-point CI iteration converged after 1 cycles
Entering product-state fixed-point CI iteration
Cycle 0: max grad = 3.857268e+02 ; sigma = 0.000000e+00
Cycle 1: max grad = 1.743345e-08 ; sigma = 4.263256e-14
Product_state fixed-point CI iteration converged after 1 cycles
Entering product-state fixed-point CI iteration
Cycle 0: max grad = 3.522340e+02 ; sigma = 0.000000e+00
Cycle 1: max grad = 2.425908e-10 ; sigma = 7.105427e-15
Product_state fixed-point CI iteration converged after 1 cycles
Entering product-state fixed-point CI iteration
Cycle 0: max grad = 2.174746e+02 ; sigma = 0.000000e+00
Cycle 1: max grad = 6.931827e-10 ; sigma = 1.776357e-14
Product_state fixed-point CI iteration converged after 1 cycles
Entering product-state fixed-point CI iteration
Cycle 0: max grad = 2.200312e+02 ; sigma = 0.000000e+00
Cycle 1: max grad = 1.055102e-13 ; sigma = 3.552714e-15
Product_state fixed-point CI iteration converged after 1 cycles
Entering product-state fixed-point CI iteration
Cycle 0: max grad = 2.143839e+02 ; sigma = 0.000000e+00
Cycle 1: max grad = 1.395863e-13 ; sigma = 7.105427e-15
Product_state fixed-point CI iteration converged after 1 cycles
Entering product-state fixed-point CI iteration
Cycle 0: max grad = 3.029221e+02 ; sigma = 0.000000e+00
Cycle 1: max grad = 1.081315e-09 ; sigma = 4.618528e-14
Product_state fixed-point CI iteration converged after 1 cycles
Entering product-state fixed-point CI iteration
Cycle 0: max grad = 3.521329e+02 ; sigma = 0.000000e+00
Cycle 1: max grad = 8.671601e-10 ; sigma = 1.421085e-14
Product_state fixed-point CI iteration converged after 1 cycles
Entering product-state fixed-point CI iteration
Cycle 0: max grad = 2.206621e+02 ; sigma = 0.000000e+00
Cycle 1: max grad = 2.894728e-10 ; sigma = 1.421085e-14
Product_state fixed-point CI iteration converged after 1 cycles
Entering product-state fixed-point CI iteration
Cycle 0: max grad = 2.185925e+02 ; sigma = 0.000000e+00
Cycle 1: max grad = 1.305622e-13 ; sigma = 3.552714e-15
Product_state fixed-point CI iteration converged after 1 cycles
Entering product-state fixed-point CI iteration
Cycle 0: max grad = 2.166156e+02 ; sigma = 0.000000e+00
Cycle 1: max grad = 1.507683e-12 ; sigma = 0.000000e+00
Product_state fixed-point CI iteration converged after 1 cycles
Entering product-state fixed-point CI iteration
Cycle 0: max grad = 3.081097e+02 ; sigma = 0.000000e+00
Cycle 1: max grad = 3.776249e-09 ; sigma = 8.526513e-14
Product_state fixed-point CI iteration converged after 1 cycles
Entering product-state fixed-point CI iteration
Cycle 0: max grad = 2.288920e+02 ; sigma = 0.000000e+00
Cycle 1: max grad = 1.626060e-14 ; sigma = 3.552714e-15
Product_state fixed-point CI iteration converged after 1 cycles
Entering product-state fixed-point CI iteration
Cycle 0: max grad = 2.001659e+02 ; sigma = 0.000000e+00
Cycle 1: max grad = 4.332407e-12 ; sigma = 7.105427e-15
Product_state fixed-point CI iteration converged after 1 cycles
Entering product-state fixed-point CI iteration
Cycle 0: max grad = 2.537564e+02 ; sigma = 0.000000e+00
Cycle 1: max grad = 2.308538e-10 ; sigma = 0.000000e+00
Product_state fixed-point CI iteration converged after 1 cycles
Entering product-state fixed-point CI iteration
Cycle 0: max grad = 2.302425e+02 ; sigma = 0.000000e+00
Cycle 1: max grad = 1.421437e-11 ; sigma = 1.776357e-14
Product_state fixed-point CI iteration converged after 1 cycles
Entering product-state fixed-point CI iteration
Cycle 0: max grad = 2.532027e+02 ; sigma = 0.000000e+00
Cycle 1: max grad = 6.109632e-10 ; sigma = 3.552714e-15
Product_state fixed-point CI iteration converged after 1 cycles
Entering product-state fixed-point CI iteration
Cycle 0: max grad = 1.425320e+02 ; sigma = 0.000000e+00
Cycle 1: max grad = 2.844998e-09 ; sigma = 8.171241e-14
Product_state fixed-point CI iteration converged after 1 cycles
Entering product-state fixed-point CI iteration
Cycle 0: max grad = 1.344031e+02 ; sigma = 0.000000e+00
Cycle 1: max grad = 1.621552e-09 ; sigma = 3.552714e-15
Product_state fixed-point CI iteration converged after 1 cycles
Entering product-state fixed-point CI iteration
Cycle 0: max grad = 1.441217e+02 ; sigma = 0.000000e+00
Cycle 1: max grad = 3.527117e-10 ; sigma = 1.776357e-14
Product_state fixed-point CI iteration converged after 1 cycles
Entering product-state fixed-point CI iteration
Cycle 0: max grad = 3.253681e+02 ; sigma = 0.000000e+00
Cycle 1: max grad = 7.330357e-10 ; sigma = 3.552714e-15
Product_state fixed-point CI iteration converged after 1 cycles
Entering product-state fixed-point CI iteration
Cycle 0: max grad = 2.001881e+02 ; sigma = 0.000000e+00
Cycle 1: max grad = 2.620673e-11 ; sigma = 1.421085e-14
Product_state fixed-point CI iteration converged after 1 cycles
Entering product-state fixed-point CI iteration
Cycle 0: max grad = 2.536561e+02 ; sigma = 0.000000e+00
Cycle 1: max grad = 1.029354e-10 ; sigma = 1.421085e-14
Product_state fixed-point CI iteration converged after 1 cycles
Entering product-state fixed-point CI iteration
Cycle 0: max grad = 2.302041e+02 ; sigma = 0.000000e+00
Cycle 1: max grad = 2.754341e-11 ; sigma = 3.552714e-15
Product_state fixed-point CI iteration converged after 1 cycles
Entering product-state fixed-point CI iteration
Cycle 0: max grad = 2.503165e+02 ; sigma = 0.000000e+00
Cycle 1: max grad = 1.193295e-08 ; sigma = 9.947598e-13
Product_state fixed-point CI iteration converged after 1 cycles
Entering product-state fixed-point CI iteration
Cycle 0: max grad = 1.396449e+02 ; sigma = 0.000000e+00
Cycle 1: max grad = 3.045379e-09 ; sigma = 6.394885e-14
Product_state fixed-point CI iteration converged after 1 cycles
Entering product-state fixed-point CI iteration
Cycle 0: max grad = 1.368555e+02 ; sigma = 0.000000e+00
Cycle 1: max grad = 3.184642e-08 ; sigma = 2.302158e-12
Product_state fixed-point CI iteration converged after 1 cycles
Entering product-state fixed-point CI iteration
Cycle 0: max grad = 1.401955e+02 ; sigma = 0.000000e+00
Cycle 1: max grad = 1.773419e-10 ; sigma = 1.776357e-14
Product_state fixed-point CI iteration converged after 1 cycles
Entering product-state fixed-point CI iteration
Cycle 0: max grad = 3.275016e+02 ; sigma = 0.000000e+00
Cycle 1: max grad = 3.127785e-10 ; sigma = 2.486900e-14
Product_state fixed-point CI iteration converged after 1 cycles
Entering product-state fixed-point CI iteration
Cycle 0: max grad = 2.562499e+02 ; sigma = 0.000000e+00
Cycle 1: max grad = 3.428115e-09 ; sigma = 3.304024e-13
Product_state fixed-point CI iteration converged after 1 cycles
Entering product-state fixed-point CI iteration
Cycle 0: max grad = 1.486051e+02 ; sigma = 0.000000e+00
Cycle 1: max grad = 1.836613e-09 ; sigma = 2.131628e-14
Product_state fixed-point CI iteration converged after 1 cycles
LASSCF state-average energy = -3971.78172517509
LASSCF state 0 energy = -3971.78172517509
LASSCF state 1 energy = -3971.78544533293
LASSCF state 2 energy = -3971.78703968629
LASSCF state 3 energy = -3971.78650823517
LASSCF state 4 energy = -3971.78385097957
LASSCF state 5 energy = -3970.70227092434
LASSCF state 6 energy = -3971.21911746553
LASSCF state 7 energy = -3970.70410445624
LASSCF state 8 energy = -3971.2205938829
LASSCF state 9 energy = -3970.70451439246
LASSCF state 10 energy = -3971.22090990995
LASSCF state 11 energy = -3970.70334804604
LASSCF state 12 energy = -3971.21999102365
LASSCF state 13 energy = -3968.32924174878
LASSCF state 14 energy = -3971.572550933
LASSCF state 15 energy = -3971.69954166039
LASSCF state 16 energy = -3971.65832732108
LASSCF state 17 energy = -3969.3635154892
LASSCF state 18 energy = -3968.32962488427
LASSCF state 19 energy = -3971.5752914225
LASSCF state 20 energy = -3971.70156883598
LASSCF state 21 energy = -3971.6602597378
LASSCF state 22 energy = -3969.36434378694
LASSCF state 23 energy = -3968.32949647838
LASSCF state 24 energy = -3971.57435924137
LASSCF state 25 energy = -3971.70088914341
LASSCF state 26 energy = -3971.65961276769
LASSCF state 27 energy = -3969.36405965635
LASSCF state 28 energy = -3971.65642328352
LASSCF state 29 energy = -3964.50703649129
LASSCF state 30 energy = -3970.59128526739
LASSCF state 31 energy = -3970.65795889192
LASSCF state 32 energy = -3970.63693954898
LASSCF state 33 energy = -3971.09236715835
LASSCF state 34 energy = -3971.17844188078
LASSCF state 35 energy = -3971.13415835784
LASSCF state 36 energy = -3966.10058897991
LASSCF state 37 energy = -3964.50712473362
LASSCF state 38 energy = -3970.59148612756
LASSCF state 39 energy = -3970.65812378447
LASSCF state 40 energy = -3970.63738220811
LASSCF state 41 energy = -3971.09274609888
LASSCF state 42 energy = -3971.17874001872
LASSCF state 43 energy = -3971.13444948392
LASSCF state 44 energy = -3966.10082208806
LASSCF state 45 energy = -3970.6361922001
LASSCF state 46 energy = -3971.13359711366
LASSI op_o0 memory check: 23.0095488 MB needed of 112629.06367999999 MB available (128000 MB max)
Symmetry analysis of 47 LAS rootspaces:
 ix            Energy  <S**2>  Neleca  Nelecb  Nelec   Wfnsym
  0  -3971.7817251751   4.750       5       4       9       A
  1  -3971.7854453329  11.750       5       4       9       A
  2  -3971.7870396863  14.750       5       4       9       A
  3  -3971.7865082352  13.750       5       4       9       A
  4  -3971.7838509796   8.750       5       4       9       A
  5  -3970.7022709243   3.750       5       4       9       A
  6  -3971.2191174655   3.750       5       4       9       A
  7  -3970.7041044562   8.750       5       4       9       A
  8  -3971.2205938829   8.750       5       4       9       A
  9  -3970.7045143925   9.750       5       4       9       A
 10  -3971.2209099099   9.750       5       4       9       A
 11  -3970.7033480460   6.750       5       4       9       A
 12  -3971.2199910237   6.750       5       4       9       A
 13  -3968.3292417488   2.750       5       4       9       A
 14  -3971.5725509330   2.750       5       4       9       A
 15  -3971.6995416604   7.750       5       4       9       A
 16  -3971.6583273211   6.750       5       4       9       A
 17  -3969.3635154892   2.750       5       4       9       A
 18  -3968.3296248843   5.750       5       4       9       A
 19  -3971.5752914225   5.750       5       4       9       A
 20  -3971.7015688360  10.750       5       4       9       A
 21  -3971.6602597378   9.750       5       4       9       A
 22  -3969.3643437869   5.750       5       4       9       A
 23  -3968.3294964784   4.750       5       4       9       A
 24  -3971.5743592414   4.750       5       4       9       A
 25  -3971.7008891434   9.750       5       4       9       A
 26  -3971.6596127677   8.750       5       4       9       A
 27  -3969.3640596563   4.750       5       4       9       A
 28  -3971.6564232835   3.750       5       4       9       A
 29  -3964.5070364913   1.750       5       4       9       A
 30  -3970.5912852674   1.750       5       4       9       A
 31  -3970.6579588919   5.750       5       4       9       A
 32  -3970.6369395490   4.750       5       4       9       A
 33  -3971.0923671584   1.750       5       4       9       A
 34  -3971.1784418808   5.750       5       4       9       A
 35  -3971.1341583578   4.750       5       4       9       A
 36  -3966.1005889799   1.750       5       4       9       A
 37  -3964.5071247336   2.750       5       4       9       A
 38  -3970.5914861276   2.750       5       4       9       A
 39  -3970.6581237845   6.750       5       4       9       A
 40  -3970.6373822081   5.750       5       4       9       A
 41  -3971.0927460989   2.750       5       4       9       A
 42  -3971.1787400187   6.750       5       4       9       A
 43  -3971.1344494839   5.750       5       4       9       A
 44  -3966.1008220881   2.750       5       4       9       A
 45  -3970.6361922001   2.750       5       4       9       A
 46  -3971.1335971137   2.750       5       4       9       A
Build + diag H matrix LASSI symmetry block 0
['neleca', 'nelecb', 'irrep'] = (5, 4, 0)
(47 rootspaces; 1895 states)
LASSI eigenvalues (1895 total):
 ix            Energy  <S**2>  Neleca  Nelecb  Wfnsym
  0  -3971.7927589846   0.750       5       4       A
  1  -3971.7927101659   3.750       5       4       A
  2  -3971.7926276202   8.750       5       4       A
  3  -3971.7925097568  15.750       5       4       A
  4  -3971.7923541975  24.750       5       4       A
  5  -3971.7065400730  15.750       5       4       A
  6  -3971.7062722095   8.750       5       4       A
  7  -3971.7060547367   3.750       5       4       A
  8  -3971.6897637618  15.750       5       4       A
  9  -3971.6896375066  15.750       5       4       A
 10  -3971.6888968168   8.750       5       4       A
 11  -3971.6887384313  15.750       5       4       A
 12  -3971.6886753758   3.751       5       4       A
 13  -3971.6886013626   8.750       5       4       A
 14  -3971.6879005279   8.750       5       4       A
 15  -3971.6877618231   3.751       5       4       A
 16  -3971.6869702867   3.750       5       4       A
 17  -3971.6655119204  15.750       5       4       A
 18  -3971.6654256298  15.750       5       4       A
 19  -3971.6649004298  15.750       5       4       A
 20  -3971.6644918483   8.749       5       4       A
 21  -3971.6643777632   8.749       5       4       A
 22  -3971.6638859491   8.750       5       4       A
 23  -3971.6638144582   3.751       5       4       A
 24  -3971.6635613552   3.751       5       4       A
 25  -3971.6631506984   3.750       5       4       A
 26  -3971.6627052595   0.750       5       4       A
 27  -3971.6599781039  15.750       5       4       A
 28  -3971.6591341683  15.750       5       4       A
 29  -3971.6584561170   8.750       5       4       A
 30  -3971.6575154123   8.749       5       4       A
 31  -3971.6573372353   3.750       5       4       A
 32  -3971.6566639615   0.751       5       4       A
 33  -3971.6563653024   3.748       5       4       A
 34  -3971.6556595638   0.752       5       4       A
 35  -3971.6533089931  15.750       5       4       A
 36  -3971.6520026292   8.750       5       4       A
 37  -3971.6511069310   3.750       5       4       A
 38  -3971.6459511281  15.750       5       4       A
 39  -3971.6451334525  15.750       5       4       A
 40  -3971.6444100430   8.750       5       4       A
 41  -3971.6433120973   3.750       5       4       A
 42  -3971.6431867739   8.750       5       4       A
 43  -3971.6418275782  15.750       5       4       A
 44  -3971.6417090579   3.750       5       4       A
 45  -3971.6402079990  15.750       5       4       A
 46  -3971.6391312040   8.749       5       4       A
 47  -3971.6380031593  15.749       5       4       A
 48  -3971.6372351201   8.749       5       4       A
 49  -3971.6371944777   3.750       5       4       A
 50  -3971.6360086829   0.754       5       4       A
 51  -3971.6358161451  15.750       5       4       A
 52  -3971.6351139714   3.750       5       4       A
 53  -3971.6349134058   8.746       5       4       A
 54  -3971.6342913719  15.748       5       4       A
 55  -3971.6338222460   0.753       5       4       A
 56  -3971.6334210803   8.749       5       4       A
 57  -3971.6328145117   3.750       5       4       A
 58  -3971.6327649025  15.747       5       4       A
 59  -3971.6324477400  15.749       5       4       A
 60  -3971.6316393748   3.751       5       4       A
 61  -3971.6315538676   0.767       5       4       A
 62  -3971.6308300193   8.739       5       4       A
 63  -3971.6290957419   8.748       5       4       A
 64  -3971.6288307627   8.750       5       4       A
 65  -3971.6282060022   3.749       5       4       A
 66  -3971.6266732543   3.744       5       4       A
 67  -3971.6265444006   0.756       5       4       A
 68  -3971.6259378134   3.750       5       4       A
 69  -3971.6251544502   0.756       5       4       A
 70  -3971.6241579216   0.750       5       4       A
 71  -3971.6038891044  15.743       5       4       A
 72  -3971.6009187398   8.741       5       4       A
 73  -3971.5987385167   3.753       5       4       A
 74  -3971.5973690914   0.764       5       4       A
 75  -3971.5788859101   8.750       5       4       A
 76  -3971.5777461229   3.750       5       4       A
 77  -3971.5770817250   0.750       5       4       A
 78  -3971.5739592479   8.750       5       4       A
 79  -3971.5729996117   8.750       5       4       A
 80  -3971.5722795795   3.750       5       4       A
 81  -3971.5714509103   3.750       5       4       A
 82  -3971.5713098068   0.750       5       4       A
 83  -3971.5705691444   0.750       5       4       A
 84  -3971.5619547256   8.750       5       4       A
 85  -3971.5618566477   8.750       5       4       A
 86  -3971.5610028013   8.750       5       4       A
 87  -3971.5606623962   3.750       5       4       A
 88  -3971.5605115579   3.750       5       4       A
 89  -3971.5601086350   0.751       5       4       A
 90  -3971.5598544040   3.749       5       4       A
 91  -3971.5597583305   0.750       5       4       A
 92  -3971.5589725899   0.750       5       4       A
 93  -3971.5567956921   8.750       5       4       A
 94  -3971.5567197532   8.750       5       4       A
 95  -3971.5559614527   8.750       5       4       A
 96  -3971.5556918921   8.750       5       4       A
 97  -3971.5556613313   8.750       5       4       A
 98  -3971.5554224155   8.750       5       4       A
 99  -3971.5552694028   3.750       5       4       A
Remaining 1795 eigenvalues truncated; increase verbosity to print them all
