/software/python-anaconda-2022.05-el8-x86_64/lib/python3.9/site-packages/scipy/__init__.py:146: UserWarning: A NumPy version >=1.16.5 and <1.23.0 is required for this version of SciPy (detected version 1.25.0
  warnings.warn(f"A NumPy version >={np_minversion} and <{np_maxversion}"
Traceback (most recent call last):
  File "/project/lgagliardi/valayagarawal/lasscf/mof_nodes/Al_Fe_Fe/production/10_11/lassi_r1_n5.py", line 34, in <module>
    np.save('space_weights',space_weights)
NameError: name 'space_weights' is not defined
Command exited with non-zero status 1
	Command being timed: "python lassi_r1_n5.py"
	User time (seconds): 2854.13
	System time (seconds): 59.38
	Percent of CPU this job got: 950%
	Elapsed (wall clock) time (h:mm:ss or m:ss): 5:06.67
	Average shared text size (kbytes): 0
	Average unshared data size (kbytes): 0
	Average stack size (kbytes): 0
	Average total size (kbytes): 0
	Maximum resident set size (kbytes): 21735260
	Average resident set size (kbytes): 0
	Major (requiring I/O) page faults: 0
	Minor (reclaiming a frame) page faults: 527849
	Voluntary context switches: 81816
	Involuntary context switches: 16769304
	Swaps: 0
	File system inputs: 0
	File system outputs: 21760
	Socket messages sent: 0
	Socket messages received: 0
	Signals delivered: 0
	Page size (bytes): 4096
	Exit status: 1
