/software/python-anaconda-2022.05-el8-x86_64/lib/python3.9/site-packages/scipy/__init__.py:146: UserWarning: A NumPy version >=1.16.5 and <1.23.0 is required for this version of SciPy (detected version 1.25.0
  warnings.warn(f"A NumPy version >={np_minversion} and <{np_maxversion}"
	Command being timed: "python lassi_r1_n2.py"
	User time (seconds): 2872.77
	System time (seconds): 61.61
	Percent of CPU this job got: 1017%
	Elapsed (wall clock) time (h:mm:ss or m:ss): 4:48.27
	Average shared text size (kbytes): 0
	Average unshared data size (kbytes): 0
	Average stack size (kbytes): 0
	Average total size (kbytes): 0
	Maximum resident set size (kbytes): 21713532
	Average resident set size (kbytes): 0
	Major (requiring I/O) page faults: 0
	Minor (reclaiming a frame) page faults: 501394
	Voluntary context switches: 70208
	Involuntary context switches: 14373536
	Swaps: 0
	File system inputs: 0
	File system outputs: 21704
	Socket messages sent: 0
	Socket messages received: 0
	Signals delivered: 0
	Page size (bytes): 4096
	Exit status: 0
